2023-11-13 17:23:28 - WebDriverClass_2023-11-13_17-23-25 - INFO: Chrome Driver is initializing
2023-11-13 17:23:29 - BaseClass_2023-11-13_17-23-25 - INFO: Web Page Launched with URL: http://www.dummypoint.com/seleniumtemplate.html Selenium Template
2023-11-13 17:23:29 - BaseClass_2023-11-13_17-23-25 - INFO: WebElement found with locator value Form using locatorType link
2023-11-13 17:23:30 - BaseClass_2023-11-13_17-23-25 - INFO: Clicked on WebElement with locator value Form using locatorType link
2023-11-13 17:23:30 - BaseClass_2023-11-13_17-23-25 - INFO: WebElement found with locator value reused_form using locatorType id
2023-11-13 17:23:30 - BaseClass_2023-11-13_17-23-25 - INFO: WebElement is Displayed on web page with locator value reused_form using locatorType id
2023-11-13 17:23:30 - BaseClass_2023-11-13_17-23-25 - INFO: WebElement found with locator value name using locatorType id
2023-11-13 17:23:30 - BaseClass_2023-11-13_17-23-25 - INFO: Sent the text Srijon in WebElement with locator value name using locatorType id
2023-11-13 17:23:30 - BaseClass_2023-11-13_17-23-25 - INFO: WebElement found with locator value email using locatorType id
2023-11-13 17:23:30 - BaseClass_2023-11-13_17-23-25 - INFO: Sent the text abc@gmail.com in WebElement with locator value email using locatorType id
2023-11-13 17:23:30 - BaseClass_2023-11-13_17-23-25 - INFO: WebElement found with locator value message using locatorType id
2023-11-13 17:23:30 - BaseClass_2023-11-13_17-23-25 - INFO: Sent the text This is Srijon in WebElement with locator value message using locatorType id
2023-11-13 17:23:30 - BaseClass_2023-11-13_17-23-25 - INFO: WebElement found with locator value captcha_image using locatorType id
2023-11-13 17:23:30 - BaseClass_2023-11-13_17-23-25 - INFO: Got the text SGH456 from WebElement with locator value captcha_image using locatorType id
2023-11-13 17:23:30 - BaseClass_2023-11-13_17-23-25 - INFO: WebElement found with locator value captcha_image using locatorType id
2023-11-13 17:23:30 - BaseClass_2023-11-13_17-23-25 - INFO: Got the text SGH456 from WebElement with locator value captcha_image using locatorType id
2023-11-13 17:23:30 - BaseClass_2023-11-13_17-23-25 - INFO: WebElement found with locator value captcha using locatorType id
2023-11-13 17:23:30 - BaseClass_2023-11-13_17-23-25 - INFO: Sent the text SGH456 in WebElement with locator value captcha using locatorType id
2023-11-13 17:23:30 - BaseClass_2023-11-13_17-23-25 - INFO: WebElement found with locator value btnContactUs using locatorType id
2023-11-13 17:23:30 - BaseClass_2023-11-13_17-23-25 - INFO: Scrolled to WebElement with locator value btnContactUs using locatorType id
2023-11-13 17:23:30 - BaseClass_2023-11-13_17-23-25 - INFO: WebElement found with locator value btnContactUs using locatorType id
2023-11-13 17:23:30 - BaseClass_2023-11-13_17-23-25 - INFO: Clicked on WebElement with locator value btnContactUs using locatorType id
