2023-11-14 15:50:48 - WebDriverClass_2023-11-14_15-50-45 - INFO: Chrome Driver is initializing
2023-11-14 15:50:49 - BaseClass_2023-11-14_15-50-45 - INFO: Web Page Launched with URL: http://www.dummypoint.com/seleniumtemplate.html Selenium Template
2023-11-14 15:50:56 - BaseClass_2023-11-14_15-50-45 - INFO: WebElement found with locator value Form using locatorType link
2023-11-14 15:50:57 - BaseClass_2023-11-14_15-50-45 - INFO: Clicked on WebElement with locator value Form using locatorType link
2023-11-14 15:50:57 - BaseClass_2023-11-14_15-50-45 - INFO: WebElement found with locator value reused_form using locatorType id
2023-11-14 15:50:57 - BaseClass_2023-11-14_15-50-45 - INFO: WebElement is Displayed on web page with locator value reused_form using locatorType id
2023-11-14 15:51:02 - BaseClass_2023-11-14_15-50-45 - INFO: WebElement found with locator value name using locatorType id
2023-11-14 15:51:02 - BaseClass_2023-11-14_15-50-45 - INFO: Sent the text Srijon in WebElement with locator value name using locatorType id
2023-11-14 15:51:02 - BaseClass_2023-11-14_15-50-45 - INFO: WebElement found with locator value email using locatorType id
2023-11-14 15:51:02 - BaseClass_2023-11-14_15-50-45 - INFO: Sent the text Srijon@gmail.com in WebElement with locator value email using locatorType id
2023-11-14 15:51:02 - BaseClass_2023-11-14_15-50-45 - INFO: WebElement found with locator value message using locatorType id
2023-11-14 15:51:02 - BaseClass_2023-11-14_15-50-45 - INFO: Sent the text This is Srijon in WebElement with locator value message using locatorType id
2023-11-14 15:51:02 - BaseClass_2023-11-14_15-50-45 - INFO: WebElement found with locator value captcha_image using locatorType id
2023-11-14 15:51:02 - BaseClass_2023-11-14_15-50-45 - INFO: Got the text SGH456 from WebElement with locator value captcha_image using locatorType id
2023-11-14 15:51:02 - BaseClass_2023-11-14_15-50-45 - INFO: WebElement found with locator value captcha using locatorType id
2023-11-14 15:51:02 - BaseClass_2023-11-14_15-50-45 - INFO: Sent the text SGH456 in WebElement with locator value captcha using locatorType id
2023-11-14 15:51:02 - BaseClass_2023-11-14_15-50-45 - INFO: Screenshot saved to path: ../screenshots/Form Submission Completed With ConfTest_14_11_23_15_51_02.png
2023-11-14 15:51:02 - BaseClass_2023-11-14_15-50-45 - INFO: WebElement found with locator value btnContactUs using locatorType id
2023-11-14 15:51:03 - BaseClass_2023-11-14_15-50-45 - INFO: Scrolled to WebElement with locator value btnContactUs using locatorType id
2023-11-14 15:51:03 - BaseClass_2023-11-14_15-50-45 - INFO: WebElement found with locator value btnContactUs using locatorType id
2023-11-14 15:51:03 - BaseClass_2023-11-14_15-50-45 - INFO: Clicked on WebElement with locator value btnContactUs using locatorType id
