2023-11-13 17:28:24 - WebDriverClass_2023-11-13_17-28-22 - INFO: Chrome Driver is initializing
2023-11-13 17:28:25 - BaseClass_2023-11-13_17-28-22 - INFO: Web Page Launched with URL: http://www.dummypoint.com/seleniumtemplate.html Selenium Template
2023-11-13 17:28:25 - BaseClass_2023-11-13_17-28-22 - INFO: WebElement found with locator value Form using locatorType link
2023-11-13 17:28:26 - BaseClass_2023-11-13_17-28-22 - INFO: Clicked on WebElement with locator value Form using locatorType link
2023-11-13 17:28:26 - BaseClass_2023-11-13_17-28-22 - INFO: WebElement found with locator value reused_form using locatorType id
2023-11-13 17:28:26 - BaseClass_2023-11-13_17-28-22 - INFO: WebElement is Displayed on web page with locator value reused_form using locatorType id
2023-11-13 17:28:26 - BaseClass_2023-11-13_17-28-22 - INFO: WebElement found with locator value name using locatorType id
2023-11-13 17:28:26 - BaseClass_2023-11-13_17-28-22 - INFO: Sent the text Srijon in WebElement with locator value name using locatorType id
2023-11-13 17:28:26 - BaseClass_2023-11-13_17-28-22 - INFO: WebElement found with locator value email using locatorType id
2023-11-13 17:28:26 - BaseClass_2023-11-13_17-28-22 - INFO: Sent the text abc@gmail.com in WebElement with locator value email using locatorType id
2023-11-13 17:28:26 - BaseClass_2023-11-13_17-28-22 - INFO: WebElement found with locator value input.form-radio:nth-child(2) using locatorType css
2023-11-13 17:28:26 - BaseClass_2023-11-13_17-28-22 - INFO: Clicked on WebElement with locator value input.form-radio:nth-child(2) using locatorType css
2023-11-13 17:28:26 - BaseClass_2023-11-13_17-28-22 - INFO: WebElement found with locator value message using locatorType id
2023-11-13 17:28:26 - BaseClass_2023-11-13_17-28-22 - INFO: Sent the text This is Srijon in WebElement with locator value message using locatorType id
2023-11-13 17:28:26 - BaseClass_2023-11-13_17-28-22 - INFO: WebElement found with locator value captcha_image using locatorType id
2023-11-13 17:28:26 - BaseClass_2023-11-13_17-28-22 - INFO: Got the text SGH456 from WebElement with locator value captcha_image using locatorType id
2023-11-13 17:28:26 - BaseClass_2023-11-13_17-28-22 - INFO: WebElement found with locator value captcha_image using locatorType id
2023-11-13 17:28:26 - BaseClass_2023-11-13_17-28-22 - INFO: Got the text SGH456 from WebElement with locator value captcha_image using locatorType id
2023-11-13 17:28:26 - BaseClass_2023-11-13_17-28-22 - INFO: WebElement found with locator value captcha using locatorType id
2023-11-13 17:28:26 - BaseClass_2023-11-13_17-28-22 - INFO: Sent the text SGH456 in WebElement with locator value captcha using locatorType id
2023-11-13 17:28:26 - BaseClass_2023-11-13_17-28-22 - INFO: WebElement found with locator value btnContactUs using locatorType id
2023-11-13 17:28:26 - BaseClass_2023-11-13_17-28-22 - INFO: Scrolled to WebElement with locator value btnContactUs using locatorType id
2023-11-13 17:28:26 - BaseClass_2023-11-13_17-28-22 - INFO: WebElement found with locator value btnContactUs using locatorType id
2023-11-13 17:28:27 - BaseClass_2023-11-13_17-28-22 - INFO: Clicked on WebElement with locator value btnContactUs using locatorType id
